[2026-03-07T06:57:21.603+0000] {local_task_job_runner.py:120} INFO - ::group::Pre task execution logs
[2026-03-07T06:57:21.623+0000] {taskinstance.py:2076} INFO - Dependencies all met for dep_context=non-requeueable deps ti=<TaskInstance: ecommerce_pipeline.run_ingestion manual__2026-03-07T06:47:50.624947+00:00 [queued]>
[2026-03-07T06:57:21.628+0000] {taskinstance.py:2076} INFO - Dependencies all met for dep_context=requeueable deps ti=<TaskInstance: ecommerce_pipeline.run_ingestion manual__2026-03-07T06:47:50.624947+00:00 [queued]>
[2026-03-07T06:57:21.628+0000] {taskinstance.py:2306} INFO - Starting attempt 3 of 4
[2026-03-07T06:57:21.637+0000] {taskinstance.py:2330} INFO - Executing <Task(BashOperator): run_ingestion> on 2026-03-07 06:47:50.624947+00:00
[2026-03-07T06:57:21.644+0000] {logging_mixin.py:188} WARNING - /home/airflow/.local/lib/python3.12/site-packages/airflow/task/task_runner/standard_task_runner.py:61 DeprecationWarning: This process (pid=325) is multi-threaded, use of fork() may lead to deadlocks in the child.
[2026-03-07T06:57:21.643+0000] {standard_task_runner.py:90} INFO - Running: ['airflow', 'tasks', 'run', 'ecommerce_pipeline', 'run_ingestion', 'manual__2026-03-07T06:47:50.624947+00:00', '--job-id', '6', '--raw', '--subdir', 'DAGS_FOLDER/ecommerce_pipeline.py', '--cfg-path', '/tmp/tmp7mtny6bs']
[2026-03-07T06:57:21.645+0000] {standard_task_runner.py:63} INFO - Started process 326 to run task
[2026-03-07T06:57:21.645+0000] {standard_task_runner.py:91} INFO - Job 6: Subtask run_ingestion
[2026-03-07T06:57:21.680+0000] {task_command.py:426} INFO - Running <TaskInstance: ecommerce_pipeline.run_ingestion manual__2026-03-07T06:47:50.624947+00:00 [running]> on host ec4d39dbafe5
[2026-03-07T06:57:21.753+0000] {taskinstance.py:2648} INFO - Exporting env vars: AIRFLOW_CTX_DAG_OWNER='airflow' AIRFLOW_CTX_DAG_ID='ecommerce_pipeline' AIRFLOW_CTX_TASK_ID='run_ingestion' AIRFLOW_CTX_EXECUTION_DATE='2026-03-07T06:47:50.624947+00:00' AIRFLOW_CTX_TRY_NUMBER='3' AIRFLOW_CTX_DAG_RUN_ID='manual__2026-03-07T06:47:50.624947+00:00'
[2026-03-07T06:57:21.754+0000] {taskinstance.py:430} INFO - ::endgroup::
[2026-03-07T06:57:21.763+0000] {subprocess.py:63} INFO - Tmp dir root location: /tmp
[2026-03-07T06:57:21.763+0000] {subprocess.py:75} INFO - Running command: ['/usr/bin/bash', '-c', 'docker exec ecommerce_ingestion python /app/main.py']
[2026-03-07T06:57:21.772+0000] {subprocess.py:86} INFO - Output:
[2026-03-07T06:57:21.782+0000] {subprocess.py:93} INFO - Cannot connect to the Docker daemon at unix:///var/run/docker.sock. Is the docker daemon running?
[2026-03-07T06:57:21.782+0000] {subprocess.py:97} INFO - Command exited with return code 1
[2026-03-07T06:57:21.782+0000] {taskinstance.py:441} INFO - ::group::Post task execution logs
[2026-03-07T06:57:21.790+0000] {taskinstance.py:2905} ERROR - Task failed with exception
Traceback (most recent call last):
  File "/home/airflow/.local/lib/python3.12/site-packages/airflow/models/taskinstance.py", line 465, in _execute_task
    result = _execute_callable(context=context, **execute_callable_kwargs)
             ^^^^^^^^^^^^^^^^^^^^^^^^^^^^^^^^^^^^^^^^^^^^^^^^^^^^^^^^^^^^^
  File "/home/airflow/.local/lib/python3.12/site-packages/airflow/models/taskinstance.py", line 432, in _execute_callable
    return execute_callable(context=context, **execute_callable_kwargs)
           ^^^^^^^^^^^^^^^^^^^^^^^^^^^^^^^^^^^^^^^^^^^^^^^^^^^^^^^^^^^^
  File "/home/airflow/.local/lib/python3.12/site-packages/airflow/models/baseoperator.py", line 400, in wrapper
    return func(self, *args, **kwargs)
           ^^^^^^^^^^^^^^^^^^^^^^^^^^^
  File "/home/airflow/.local/lib/python3.12/site-packages/airflow/operators/bash.py", line 243, in execute
    raise AirflowException(
airflow.exceptions.AirflowException: Bash command failed. The command returned a non-zero exit code 1.
[2026-03-07T06:57:21.792+0000] {taskinstance.py:1206} INFO - Marking task as UP_FOR_RETRY. dag_id=ecommerce_pipeline, task_id=run_ingestion, run_id=manual__2026-03-07T06:47:50.624947+00:00, execution_date=20260307T064750, start_date=20260307T065721, end_date=20260307T065721
[2026-03-07T06:57:21.799+0000] {standard_task_runner.py:110} ERROR - Failed to execute job 6 for task run_ingestion (Bash command failed. The command returned a non-zero exit code 1.; 326)
[2026-03-07T06:57:21.818+0000] {local_task_job_runner.py:240} INFO - Task exited with return code 1
[2026-03-07T06:57:21.833+0000] {taskinstance.py:3498} INFO - 0 downstream tasks scheduled from follow-on schedule check
[2026-03-07T06:57:21.835+0000] {local_task_job_runner.py:222} INFO - ::endgroup::
